 Total Nb of available Diagnostics: ndiagt=   194
------------------------------------------------------------------------------------
  Num  |<-Name->|Levs|  mate |<- code ->|<--  Units   -->|<- Tile (max=80c)         
------------------------------------------------------------------------------------
     1 |SDIAG1  |  1 |       |SM      L1|user-defined    |User-Defined   Surface   Diagnostic  #1
     2 |SDIAG2  |  1 |       |SM      L1|user-defined    |User-Defined   Surface   Diagnostic  #2
     3 |SDIAG3  |  1 |       |SM      L1|user-defined    |User-Defined   Surface   Diagnostic  #3
     4 |SDIAG4  |  1 |       |SM      L1|user-defined    |User-Defined   Surface   Diagnostic  #4
     5 |SDIAG5  |  1 |       |SM      L1|user-defined    |User-Defined   Surface   Diagnostic  #5
     6 |SDIAG6  |  1 |       |SM      L1|user-defined    |User-Defined   Surface   Diagnostic  #6
     7 |SDIAG7  |  1 |       |SU      L1|user-defined    |User-Defined U.pt Surface Diagnostic #7
     8 |SDIAG8  |  1 |       |SV      L1|user-defined    |User-Defined V.pt Surface Diagnostic #8
     9 |SDIAG9  |  1 |    10 |UU      L1|user-defined    |User-Defined U.vector Surface Diag.  #9
    10 |SDIAG10 |  1 |     9 |VV      L1|user-defined    |User-Defined V.vector Surface Diag. #10
    11 |UDIAG1  | 23 |       |SM      MR|user-defined    |User-Defined Model-Level Diagnostic  #1
    12 |UDIAG2  | 23 |       |SM      MR|user-defined    |User-Defined Model-Level Diagnostic  #2
    13 |UDIAG3  | 23 |       |SMR     MR|user-defined    |User-Defined Model-Level Diagnostic  #3
    14 |UDIAG4  | 23 |       |SMR     MR|user-defined    |User-Defined Model-Level Diagnostic  #4
    15 |UDIAG5  | 23 |       |SU      MR|user-defined    |User-Defined U.pt Model-Level Diag.  #5
    16 |UDIAG6  | 23 |       |SV      MR|user-defined    |User-Defined V.pt Model-Level Diag.  #6
    17 |UDIAG7  | 23 |    18 |UUR     MR|user-defined    |User-Defined U.vector Model-Lev Diag.#7
    18 |UDIAG8  | 23 |    17 |VVR     MR|user-defined    |User-Defined V.vector Model-Lev Diag.#8
    19 |UDIAG9  | 23 |       |SM      ML|user-defined    |User-Defined Phys-Level  Diagnostic  #9
    20 |UDIAG10 | 23 |       |SM      ML|user-defined    |User-Defined Phys-Level  Diagnostic #10
    21 |SDIAGC  |  1 |    22 |SM  C   L1|user-defined    |User-Defined Counted Surface Diagnostic
    22 |SDIAGCC |  1 |       |SM      L1|count           |User-Defined Surface Diagnostic Counter
    23 |ETAN    |  1 |       |SM      M1|m               |Surface Height Anomaly
    24 |ETANSQ  |  1 |       |SM P    M1|m^2             |Square of Surface Height Anomaly
    25 |DETADT2 |  1 |       |SM      M1|m^2/s^2         |Square of Surface Height Anomaly Tendency
    26 |THETA   | 23 |       |SMR     MR|degC            |Potential Temperature
    27 |SALT    | 23 |       |SMR     MR|psu             |Salinity
    28 |RELHUM  | 23 |       |SMR     MR|percent         |Relative Humidity
    29 |SALTanom| 23 |       |SMR     MR|psu             |Salt anomaly (=SALT-35; g/kg)
    30 |UVEL    | 23 |    31 |UUR     MR|m/s             |Zonal Component of Velocity (m/s)
    31 |VVEL    | 23 |    30 |VVR     MR|m/s             |Meridional Component of Velocity (m/s)
    32 |WVEL    | 23 |       |WM      LR|m/s             |Vertical Component of Velocity (r_units/s)
    33 |THETASQ | 23 |       |SMRP    MR|degC^2          |Square of Potential Temperature
    34 |SALTSQ  | 23 |       |SMRP    MR|(psu)^2         |Square of Salinity
    35 |SALTSQan| 23 |       |SMRP    MR|(psu)^2         |Square of Salt anomaly (=(SALT-35)^2 (g^2/kg^2)
    36 |UVELSQ  | 23 |    37 |UURP    MR|m^2/s^2         |Square of Zonal Comp of Velocity (m^2/s^2)
    37 |VVELSQ  | 23 |    36 |VVRP    MR|m^2/s^2         |Square of Meridional Comp of Velocity (m^2/s^2)
    38 |WVELSQ  | 23 |       |WM P    LR|m^2/s^2         |Square of Vertical Comp of Velocity
    39 |UE_VEL_C| 23 |    40 |UMR     MR|m/s             |Eastward Velocity (m/s) (cell center)
    40 |VN_VEL_C| 23 |    39 |VMR     MR|m/s             |Northward Velocity (m/s) (cell center)
    41 |UV_VEL_C| 23 |    41 |UMR     MR|m^2/s^2         |Product of horizontal Comp of velocity (cell center)
    42 |UV_VEL_Z| 23 |    42 |UZR     MR|m^2/s^2         |Meridional Transport of Zonal Momentum (m^2/s^2)
    43 |WU_VEL  | 23 |       |WU      LR|m.m/s^2         |Vertical Transport of Zonal Momentum
    44 |WV_VEL  | 23 |       |WV      LR|m.m/s^2         |Vertical Transport of Meridional Momentum
    45 |UVELMASS| 23 |    46 |UUr     MR|m/s             |Zonal Mass-Weighted Comp of Velocity (m/s)
    46 |VVELMASS| 23 |    45 |VVr     MR|m/s             |Meridional Mass-Weighted Comp of Velocity (m/s)
    47 |WVELMASS| 23 |       |WM      LR|m/s             |Vertical Mass-Weighted Comp of Velocity
    48 |PhiVEL  | 23 |    45 |SMR P   MR|m^2/s           |Horizontal Velocity Potential (m^2/s)
    49 |PsiVEL  | 23 |    48 |SZ  P   MR|m.m^2/s         |Horizontal Velocity Stream-Function
    50 |UTHMASS | 23 |    51 |UUr     MR|degC.m/s        |Zonal Mass-Weight Transp of Pot Temp
    51 |VTHMASS | 23 |    50 |VVr     MR|degC.m/s        |Meridional Mass-Weight Transp of Pot Temp
    52 |WTHMASS | 23 |       |WM      LR|degC.m/s        |Vertical Mass-Weight Transp of Pot Temp (K.m/s)
    53 |USLTMASS| 23 |    54 |UUr     MR|psu.m/s         |Zonal Mass-Weight Transp of Salinity
    54 |VSLTMASS| 23 |    53 |VVr     MR|psu.m/s         |Meridional Mass-Weight Transp of Salinity
    55 |WSLTMASS| 23 |       |WM      LR|psu.m/s         |Vertical Mass-Weight Transp of Salinity
    56 |UVELTH  | 23 |    57 |UUR     MR|degC.m/s        |Zonal Transport of Pot Temp
    57 |VVELTH  | 23 |    56 |VVR     MR|degC.m/s        |Meridional Transport of Pot Temp
    58 |WVELTH  | 23 |       |WM      LR|degC.m/s        |Vertical Transport of Pot Temp
    59 |UVELSLT | 23 |    60 |UUR     MR|psu.m/s         |Zonal Transport of Salinity
    60 |VVELSLT | 23 |    59 |VVR     MR|psu.m/s         |Meridional Transport of Salinity
    61 |WVELSLT | 23 |       |WM      LR|psu.m/s         |Vertical Transport of Salinity
    62 |UVELPHI | 23 |    63 |UUr     MR|m^3/s^3         |Zonal Mass-Weight Transp of Pressure Pot.(p/rho) Anomaly
    63 |VVELPHI | 23 |    62 |VVr     MR|m^3/s^3         |Meridional Mass-Weight Transp of Pressure Pot.(p/rho) Anomaly
    64 |RHOAnoma| 23 |       |SMR     MR|kg/m^3          |Density Anomaly (=Rho-rhoConst)
    65 |RHOANOSQ| 23 |       |SMRP    MR|kg^2/m^6        |Square of Density Anomaly (=(Rho-rhoConst)^2)
    66 |URHOMASS| 23 |    67 |UUr     MR|kg/m^2/s        |Zonal Transport of Density
    67 |VRHOMASS| 23 |    66 |VVr     MR|kg/m^2/s        |Meridional Transport of Density
    68 |WRHOMASS| 23 |       |WM      LR|kg/m^2/s        |Vertical Transport of Density
    69 |WdRHO_P | 23 |       |WM      LR|kg/m^2/s        |Vertical velocity times delta^k(Rho)_at-const-P
    70 |WdRHOdP | 23 |       |WM      LR|kg/m^2/s        |Vertical velocity times delta^k(Rho)_at-const-T,S
    71 |PHIHYD  | 23 |       |SMR     MR|m^2/s^2         |Hydrostatic Pressure Pot.(p/rho) Anomaly
    72 |PHIHYDSQ| 23 |       |SMRP    MR|m^4/s^4         |Square of Hyd. Pressure Pot.(p/rho) Anomaly
    73 |PHIBOT  |  1 |       |SM      M1|m^2/s^2         |Bottom Pressure Pot.(p/rho) Anomaly
    74 |PHIBOTSQ|  1 |       |SM P    M1|m^4/s^4         |Square of Bottom Pressure Pot.(p/rho) Anomaly
    75 |MXLDEPTH|  1 |       |SM      M1|m               |Mixed-Layer Depth (>0)
    76 |DRHODR  | 23 |       |SM      LR|kg/m^4          |Stratification: d.Sigma/dr (kg/m3/r_unit)
    77 |CONVADJ | 23 |       |SMR     LR|fraction        |Convective Adjustment Index [0-1]
    78 |oceTAUX |  1 |    79 |UU      U1|N/m^2           |zonal surface wind stress, >0 increases uVel
    79 |oceTAUY |  1 |    78 |VV      U1|N/m^2           |meridional surf. wind stress, >0 increases vVel
    80 |atmPload|  1 |       |SM      U1|Pa              |Atmospheric pressure loading
    81 |sIceLoad|  1 |       |SM      U1|kg/m^2          |sea-ice loading (in Mass of ice+snow / area unit)
    82 |oceFWflx|  1 |       |SM      U1|kg/m^2/s        |net surface Fresh-Water flux into the ocean (+=down), >0 decreases salinity
    83 |oceSflux|  1 |       |SM      U1|g/m^2/s         |net surface Salt flux into the ocean (+=down), >0 increases salinity
    84 |oceQnet |  1 |       |SM      U1|W/m^2           |net surface heat flux into the ocean (+=down), >0 increases theta
    85 |oceQsw  |  1 |       |SM      U1|W/m^2           |net Short-Wave radiation (+=down), >0 increases theta
    86 |oceFreez|  1 |       |SM      U1|W/m^2           |heating from freezing of sea-water (allowFreezing=T)
    87 |TRELAX  |  1 |       |SM      U1|W/m^2           |surface temperature relaxation, >0 increases theta
    88 |SRELAX  |  1 |       |SM      U1|g/m^2/s         |surface salinity relaxation, >0 increases salt
    89 |surForcT|  1 |       |SM      U1|W/m^2           |model surface forcing for Temperature, >0 increases theta
    90 |surForcS|  1 |       |SM      U1|g/m^2/s         |model surface forcing for Salinity, >0 increases salinity
    91 |TFLUX   |  1 |       |SM      U1|W/m^2           |total heat flux (match heat-content variations), >0 increases theta
    92 |SFLUX   |  1 |       |SM      U1|g/m^2/s         |total salt flux (match salt-content variations), >0 increases salt
    93 |RCENTER | 23 |       |SM      MR|m               |Cell-Center Height
    94 |RSURF   |  1 |       |SM      M1|m               |Surface Height
    95 |TOTUTEND| 23 |    96 |UUR     MR|m/s/day         |Tendency of Zonal Component of Velocity
    96 |TOTVTEND| 23 |    95 |VVR     MR|m/s/day         |Tendency of Meridional Component of Velocity
    97 |TOTTTEND| 23 |       |SMR     MR|degC/day        |Tendency of Potential Temperature
    98 |TOTSTEND| 23 |       |SMR     MR|psu/day         |Tendency of Salinity
    99 |MoistCor| 23 |       |SM      MR|W/s^2           |Heating correction due to moist thermodynamics
------------------------------------------------------------------------------------
  Num  |<-Name->|Levs|  mate |<- code ->|<--  Units   -->|<- Tile (max=80c)         
------------------------------------------------------------------------------------
   100 |AB_gU   | 23 |   101 |UUR     MR|m/s^2           |U momentum tendency from Adams-Bashforth
   101 |AB_gV   | 23 |   100 |VVR     MR|m/s^2           |V momentum tendency from Adams-Bashforth
   102 |AB_gT   | 23 |       |SMR     MR|degC/s          |Potential Temp. tendency from Adams-Bashforth
   103 |AB_gS   | 23 |       |SMR     MR|psu/s           |Salinity tendency from Adams-Bashforth
   104 |gTinAB  | 23 |       |SMR     MR|degC/s          |Potential Temp. tendency going in Adams-Bashforth
   105 |gSinAB  | 23 |       |SMR     MR|psu/s           |Salinity tendency going in Adams-Bashforth
   106 |ADVr_TH | 23 |       |WM      LR|degC.m^3/s      |Vertical   Advective Flux of Pot.Temperature
   107 |ADVx_TH | 23 |   108 |UU      MR|degC.m^3/s      |Zonal      Advective Flux of Pot.Temperature
   108 |ADVy_TH | 23 |   107 |VV      MR|degC.m^3/s      |Meridional Advective Flux of Pot.Temperature
   109 |DFrE_TH | 23 |       |WM      LR|degC.m^3/s      |Vertical Diffusive Flux of Pot.Temperature (Explicit part)
   110 |DFxE_TH | 23 |   111 |UU      MR|degC.m^3/s      |Zonal      Diffusive Flux of Pot.Temperature
   111 |DFyE_TH | 23 |   110 |VV      MR|degC.m^3/s      |Meridional Diffusive Flux of Pot.Temperature
   112 |DFrI_TH | 23 |       |WM      LR|degC.m^3/s      |Vertical Diffusive Flux of Pot.Temperature (Implicit part)
   113 |ADVr_SLT| 23 |       |WM      LR|psu.m^3/s       |Vertical   Advective Flux of Salinity
   114 |ADVx_SLT| 23 |   115 |UU      MR|psu.m^3/s       |Zonal      Advective Flux of Salinity
   115 |ADVy_SLT| 23 |   114 |VV      MR|psu.m^3/s       |Meridional Advective Flux of Salinity
   116 |DFrE_SLT| 23 |       |WM      LR|psu.m^3/s       |Vertical Diffusive Flux of Salinity    (Explicit part)
   117 |DFxE_SLT| 23 |   118 |UU      MR|psu.m^3/s       |Zonal      Diffusive Flux of Salinity
   118 |DFyE_SLT| 23 |   117 |VV      MR|psu.m^3/s       |Meridional Diffusive Flux of Salinity
   119 |DFrI_SLT| 23 |       |WM      LR|psu.m^3/s       |Vertical Diffusive Flux of Salinity    (Implicit part)
   120 |SALTFILL| 23 |       |SM      MR|psu.m^3/s       |Filling of Negative Values of Salinity
   121 |GM_VisbK|  1 |       |SM P    M1|m^2/s           |Mixing coefficient from Visbeck etal parameterization
   122 |GM_hTrsL|  1 |       |SM P    M1|m               |Base depth (>0) of the Transition Layer
   123 |GM_baseS|  1 |       |SM P    M1|1               |Slope at the base of the Transition Layer
   124 |GM_rLamb|  1 |       |SM P    M1|1/m             |Slope vertical gradient at Trans. Layer Base (=recip.Lambda)
   125 |SubMesLf|  1 |       |SM P    M1|m               |Sub-Meso horiz. Length Scale (Lf)
   126 |SubMpsiX|  1 |   127 |UU      M1|m^2/s           |Sub-Meso transp.stream-funct. magnitude (Psi0): U component
   127 |SubMpsiY|  1 |   126 |VV      M1|m^2/s           |Sub-Meso transp.stream-funct. magnitude (Psi0): V component
   128 |GM_Kux  | 23 |   129 |UU P    MR|m^2/s           |K_11 element (U.point, X.dir) of GM-Redi tensor
   129 |GM_Kvy  | 23 |   128 |VV P    MR|m^2/s           |K_22 element (V.point, Y.dir) of GM-Redi tensor
   130 |GM_Kuz  | 23 |   131 |UU      MR|m^2/s           |K_13 element (U.point, Z.dir) of GM-Redi tensor
   131 |GM_Kvz  | 23 |   130 |VV      MR|m^2/s           |K_23 element (V.point, Z.dir) of GM-Redi tensor
   132 |GM_Kwx  | 23 |   133 |UM      LR|m^2/s           |K_31 element (W.point, X.dir) of GM-Redi tensor
   133 |GM_Kwy  | 23 |   132 |VM      LR|m^2/s           |K_32 element (W.point, Y.dir) of GM-Redi tensor
   134 |GM_Kwz  | 23 |       |WM P    LR|m^2/s           |K_33 element (W.point, Z.dir) of GM-Redi tensor
   135 |GM_PsiX | 23 |   136 |UU      LR|m^2/s           |GM Bolus transport stream-function : U component
   136 |GM_PsiY | 23 |   135 |VV      LR|m^2/s           |GM Bolus transport stream-function : V component
   137 |GM_KuzTz| 23 |   138 |UU      MR|degC.m^3/s      |Redi Off-diagonal Temperature flux: X component
   138 |GM_KvzTz| 23 |   137 |VV      MR|degC.m^3/s      |Redi Off-diagonal Temperature flux: Y component
   139 |GM_KwzTz| 23 |       |WM      LR|degC.m^3/s      |Redi main-diagonal vertical Temperature flux
   140 |GM_ubT  | 23 |   141 |UUr     MR|degC.m^3/s      |Zonal Mass-Weight Bolus Transp of Pot Temp
   141 |GM_vbT  | 23 |   140 |VVr     MR|degC.m^3/s      |Meridional Mass-Weight Bolus Transp of Pot Temp
   142 |KPPviscA| 23 |       |SM P    LR|m^2/s           |KPP vertical eddy viscosity coefficient
   143 |KPPdiffS| 23 |       |SM P    LR|m^2/s           |Vertical diffusion coefficient for salt & tracers
   144 |KPPdiffT| 23 |       |SM P    LR|m^2/s           |Vertical diffusion coefficient for heat
   145 |KPPghatK| 23 |       |SM P    LR|0-1             |ratio of KPP non-local (salt) flux relative to surface-flux
   146 |KPPhbl  |  1 |       |SM P     1|m               |KPP boundary layer depth, bulk Ri criterion
   147 |KPPfrac |  1 |       |SM P     1|                |Short-wave flux fraction penetrating mixing layer
   148 |KPPdbsfc| 23 |       |SM P    UR|m/s^2           |Buoyancy difference with respect to surface
   149 |KPPbfsfc| 23 |       |SM P    UR|m^2/s^3         |Bo+radiation absorbed to d=hbf*hbl + plume
   150 |KPPRi   | 23 |       |SM P    UR|non-dimensional |Bulk Richardson number
   151 |KPPbo   |  1 |       |SM P     1|m^2/s^3         |Surface turbulent buoyancy forcing
   152 |KPPbosol|  1 |       |SM P     1|m^2/s^3         |surface radiative buoyancy forcing
   153 |KPPdbloc| 23 |       |SM P    UR|m/s^2           |Local delta buoyancy across interfaces
   154 |KPPnuddt| 23 |       |SM P    UR|m^2/s           |Vertical double diffusion coefficient for heat
   155 |KPPnudds| 23 |       |SM P    UR|m^2/s           |Vertical double diffusion coefficient for salt
   156 |KPPg_TH | 23 |       |WM      LR|degC.m^3/s      |KPP non-local Flux of Pot.Temperature
   157 |KPPg_SLT| 23 |       |WM      LR|psu.m^3/s       |KPP non-local Flux of Salinity
   158 |TRAC01  | 23 |       |SMR     MR|mol/m^3         |PCBa concentration
   159 |UTRAC01 | 23 |   160 |UUr     MR|mol/m^3.m/s     |Zonal Mass-Weighted Transp of PCBa
   160 |VTRAC01 | 23 |   159 |VVr     MR|mol/m^3.m/s     |Merid Mass-Weighted Transp of PCBa
   161 |WTRAC01 | 23 |       |WM      MR|mol/m^3.m/s     |Vert  Mass-Weighted Transp of PCBa
   162 |ADVrTr01| 23 |       |WM      LR|mol/m^3.m^3/s   |Vertical   Advective Flux of PCBa
   163 |ADVxTr01| 23 |   164 |UU      MR|mol/m^3.m^3/s   |Zonal      Advective Flux of PCBa
   164 |ADVyTr01| 23 |   163 |VV      MR|mol/m^3.m^3/s   |Meridional Advective Flux of PCBa
   165 |DFrETr01| 23 |       |WM      LR|mol/m^3.m^3/s   |Vertical Diffusive Flux of PCBa (Explicit part)
   166 |DFxETr01| 23 |   167 |UU      MR|mol/m^3.m^3/s   |Zonal      Diffusive Flux of PCBa
   167 |DFyETr01| 23 |   166 |VV      MR|mol/m^3.m^3/s   |Meridional Diffusive Flux of PCBa
   168 |DFrITr01| 23 |       |WM      LR|mol/m^3.m^3/s   |Vertical Diffusive Flux of PCBa (Implicit part)
   169 |AB_gTr01| 23 |       |SMR     MR|mol/m^3/s       |PCBa tendency from Adams-Bashforth
   170 |KPPgTr01| 23 |       |WM      LR|mol/m^3.m^3/s   |KPP non-local Flux of PCBa
   171 |TRAC02  | 23 |       |SMR     MR|mol/m^3         |PCBp concentration
   172 |UTRAC02 | 23 |   173 |UUr     MR|mol/m^3.m/s     |Zonal Mass-Weighted Transp of PCBp
   173 |VTRAC02 | 23 |   172 |VVr     MR|mol/m^3.m/s     |Merid Mass-Weighted Transp of PCBp
   174 |WTRAC02 | 23 |       |WM      MR|mol/m^3.m/s     |Vert  Mass-Weighted Transp of PCBp
   175 |ADVrTr02| 23 |       |WM      LR|mol/m^3.m^3/s   |Vertical   Advective Flux of PCBp
   176 |ADVxTr02| 23 |   177 |UU      MR|mol/m^3.m^3/s   |Zonal      Advective Flux of PCBp
   177 |ADVyTr02| 23 |   176 |VV      MR|mol/m^3.m^3/s   |Meridional Advective Flux of PCBp
   178 |DFrETr02| 23 |       |WM      LR|mol/m^3.m^3/s   |Vertical Diffusive Flux of PCBp (Explicit part)
   179 |DFxETr02| 23 |   180 |UU      MR|mol/m^3.m^3/s   |Zonal      Diffusive Flux of PCBp
   180 |DFyETr02| 23 |   179 |VV      MR|mol/m^3.m^3/s   |Meridional Diffusive Flux of PCBp
   181 |DFrITr02| 23 |       |WM      LR|mol/m^3.m^3/s   |Vertical Diffusive Flux of PCBp (Implicit part)
   182 |AB_gTr02| 23 |       |SMR     MR|mol/m^3/s       |PCBp tendency from Adams-Bashforth
   183 |KPPgTr02| 23 |       |WM      LR|mol/m^3.m^3/s   |KPP non-local Flux of PCBp
   184 |Add2EmP |  1 |       |SM      U1|kg/m^2/s        |additional EmP from salt relaxation
   185 |PCBaSPRY|  1 |       |SM P    M1|mol/m^2/s       |PCBa seaspray
   186 |PCBaCONC|  1 |       |SM P    M1|ng/m^3          |Atmospheric PCBa concentration
   187 |PCBaEVAS|  1 |       |SM P    M1|mol/m^2/s       |PCBa evasion flux from ocean
   188 |PCBaDEPO|  1 |       |SM P    M1|mol/m^2/s       |Atmospheric PCBa deposition flux
   189 |PCBpDEPO|  1 |       |SM P    M1|mol/m^2/s       |Atmospheric PCBp deposition flux
   190 |PCBaRIVR|  1 |       |SM P    M1|mol/m^2/s       |PCBa riverine runoff
   191 |PCBpRIVR|  1 |       |SM P    M1|mol/m^2/s       |PCBp riverine runoff
   192 |PCBaPART| 23 |       |SM P    MR|mol/m^3/s       |PCBa partitioned onto particles
   193 |PCBpPART| 23 |       |SM P    MR|mol/m^3/s       |PCBp partitioned onto particles
   194 |PCBpSINK| 23 |       |SM P    MR|mol/m^2/s       |PCBp sinking flux at level bottom
------------------------------------------------------------------------------------
  Num  |<-Name->|Levs|  mate |<- code ->|<--  Units   -->|<- Tile (max=80c)         
------------------------------------------------------------------------------------
