
running: find_possible_optfile()
  The platform appears to be:  linux_amd64
  look for possible FORTRAN compilers
efc -o genmake_hello genmake_hello.f
../../tools/genmake2: line 546: efc: command not found
gfortran -o genmake_hello genmake_hello.f
 gfortran test successful
g77 -o genmake_hello genmake_hello.f
 g77 test successful
f77 -o genmake_hello genmake_hello.f
 f77 test successful
pgf77 -o genmake_hello genmake_hello.f
../../tools/genmake2: line 546: pgf77: command not found
pgf95 -o genmake_hello genmake_hello.f
../../tools/genmake2: line 546: pgf95: command not found
ifc -o genmake_hello genmake_hello.f
../../tools/genmake2: line 546: ifc: command not found
ifort -o genmake_hello genmake_hello.f
 ifort test successful
f90 -o genmake_hello genmake_hello.f
 f90 test successful
f95 -o genmake_hello genmake_hello.f
 f95 test successful
mpif77 -o genmake_hello genmake_hello.f
 mpif77 test successful
mpf77 -o genmake_hello genmake_hello.f
../../tools/genmake2: line 546: mpf77: command not found
mpxlf95 -o genmake_hello genmake_hello.f
../../tools/genmake2: line 546: mpxlf95: command not found
g95 -o genmake_hello genmake_hello.f
../../tools/genmake2: line 546: g95: command not found
  The possible FORTRAN compilers found in your path are:  gfortran g77 f77 ifort f90 f95 mpif77
  Setting OPTFILE to: ../../tools/build_options/linux_amd64_gfortran
Get compiler version using: gfortran --version
/usr/bin/gfortran
GNU Fortran (GCC) 4.4.7 20120313 (Red Hat 4.4.7-4)
Copyright (C) 2010 Free Software Foundation, Inc.

GNU Fortran comes with NO WARRANTY, to the extent permitted by law.
You may redistribute copies of GNU Fortran
under the terms of the GNU General Public License.
For more information about these matters, see the file named COPYING

<-- compiler version ----

running: look_for_makedepend()
 --> set MAKEDEPEND=$(TOOLSDIR)/xmakedepend

running: check_HAVE_CLOC()
 running: get_fortran_c_namemangling()
 gcc -O0 -fPIC -c genmake_test.c
 gfortran -fconvert=big-endian -fimplicit-none -fPIC -c genmake_tcomp.f
 --> set FC_NAMEMANGLE='#define FC_NAMEMANGLE(X)  X ## _'
gcc -O0 -fPIC -c genmake_tc_1.c
gfortran -fconvert=big-endian -fimplicit-none -fPIC -o genmake_tc genmake_tc_2.f genmake_tc_1.o
  HELLO WORLD   1420495390.8491471     
 --> set HAVE_CLOC='t'

running: check_HAVE_SETRLSTK()
gcc -O0 -fPIC -c genmake_tc_1.c
      program hello
      external setrlstk
      call setrlstk()
      end
gfortran -fconvert=big-endian -fimplicit-none -fPIC -o genmake_tc genmake_tc_2.f genmake_tc_1.o
 --> set HAVE_SETRLSTK='t'

running: check_HAVE_SIGREG()
gcc -O0 -fPIC -c genmake_tc_1.c
      program hello
      integer anint
      common /iv/ anint
      external sigreg
      call sigreg(anint)
      end
gfortran -fconvert=big-endian -fimplicit-none -fPIC -o genmake_tc genmake_tc_2.f genmake_tc_1.o
 --> set HAVE_SIGREG='t'

running: check_HAVE_STAT()
gcc -O0 -fPIC -c genmake_tc_1.c
      program hello
      integer nbyte
      call tfsize(nbyte)
      print *," HELLO WORLD", nbyte
      end
gfortran -fconvert=big-endian -fimplicit-none -fPIC -o genmake_tc genmake_tc_2.f genmake_tc_1.o
 --> set HAVE_STAT='t'

running: check_netcdf_libs()
===  genmake_tnc.F  >>>
      program fgennc
#include "netcdf.inc"
      integer iret, ncid, xid
      iret = nf_create('genmake_tnc.nc', NF_CLOBBER, ncid)
      IF (iret .NE. NF_NOERR) write(*,*) NF_STRERROR(iret)
      iret = nf_def_dim(ncid, 'X', 11, xid)
      IF (iret .NE. NF_NOERR) write(*,*) NF_STRERROR(iret)
      iret = nf_close(ncid)
      IF (iret .NE. NF_NOERR) write(*,*) NF_STRERROR(iret)
      end
<<<  genmake_tnc.F  ===
cat genmake_tnc.F |  cpp -traditional -P -DWORDLENGTH=4 -DNML_TERMINATOR -DHAVE_SYSTEM -DHAVE_FDATE -DHAVE_CLOC -DHAVE_SETRLSTK -DHAVE_SIGREG -DHAVE_STAT 
  WARNING: CPP failed to pre-process the netcdf test.
    Please check that $INCLUDES is properly set.
gfortran  -fconvert=big-endian -fimplicit-none -fPIC -O3 -funroll-loops -c genmake_tnc.f  \ 
  &&  gfortran  -fconvert=big-endian -fimplicit-none -fPIC -O3 -funroll-loops -o genmake_tnc.o 
genmake_tnc.f:4.51:

      iret = nf_create('genmake_tnc.nc', NF_CLOBBER, ncid)              
                                                   1
Error: Symbol 'nf_clobber' at (1) has no IMPLICIT type
genmake_tnc.f:5.28:

      IF (iret .NE. NF_NOERR) write(*,*) NF_STRERROR(iret)              
                            1
Error: Symbol 'nf_noerr' at (1) has no IMPLICIT type
genmake_tnc.f:5.40:

      IF (iret .NE. NF_NOERR) write(*,*) NF_STRERROR(iret)              
                                        1
Error: Function 'nf_strerror' at (1) has no IMPLICIT type
genmake_tnc.f:6.13:

      iret = nf_def_dim(ncid, 'X', 11, xid)                             
             1
Error: Function 'nf_def_dim' at (1) has no IMPLICIT type
genmake_tnc.f:7.40:

      IF (iret .NE. NF_NOERR) write(*,*) NF_STRERROR(iret)              
                                        1
Error: Function 'nf_strerror' at (1) has no IMPLICIT type
genmake_tnc.f:8.13:

      iret = nf_close(ncid)                                             
             1
Error: Function 'nf_close' at (1) has no IMPLICIT type
genmake_tnc.f:9.40:

      IF (iret .NE. NF_NOERR) write(*,*) NF_STRERROR(iret)              
                                        1
Error: Function 'nf_strerror' at (1) has no IMPLICIT type

==> try again with added '-lnetcdf'
cat genmake_tnc.F |  cpp -traditional -P -DWORDLENGTH=4 -DNML_TERMINATOR -DHAVE_SYSTEM -DHAVE_FDATE -DHAVE_CLOC -DHAVE_SETRLSTK -DHAVE_SIGREG -DHAVE_STAT  > genmake_tnc.f \ 
 &&  gfortran  -fconvert=big-endian -fimplicit-none -fPIC -O3 -funroll-loops -c genmake_tnc.f \ 
 &&  gfortran  -fconvert=big-endian -fimplicit-none -fPIC -O3 -funroll-loops -o genmake_tnc genmake_tnc.o  -lnetcdf

==> try again with added '-lnetcdff -lnetcdf'
cat genmake_tnc.F |  cpp -traditional -P -DWORDLENGTH=4 -DNML_TERMINATOR -DHAVE_SYSTEM -DHAVE_FDATE -DHAVE_CLOC -DHAVE_SETRLSTK -DHAVE_SIGREG -DHAVE_STAT  > genmake_tnc.f \ 
 &&  gfortran  -fconvert=big-endian -fimplicit-none -fPIC -O3 -funroll-loops -c genmake_tnc.f \ 
 &&  gfortran  -fconvert=big-endian -fimplicit-none -fPIC -O3 -funroll-loops -o genmake_tnc genmake_tnc.o  -lnetcdf
 --> set HAVE_NETCDF=''

running: check_HAVE_FLUSH()
  check_HAVE_FLUSH: successful
 --> set HAVE_FLUSH='t'
